for 10 iterations:
  average error = 7.9936057773011271e-14 
   average time = 0.00626631 seconds
   number thrds = 2
   value of n = 15625000
for 10 iterations:
  average error = 4.8849813083506888e-15 
   average time = 0.00621929 seconds
   number thrds = 4
   value of n = 31250000
for 10 iterations:
  average error = 2.2204460492503131e-14 
   average time = 0.00627050 seconds
   number thrds = 8
   value of n = 62500000
for 10 iterations:
  average error = 4.8849813083506888e-15 
   average time = 0.00627239 seconds
   number thrds = 16
   value of n = 125000000
for 10 iterations:
  average error = -1.6875389974302379e-14 
   average time = 0.00725920 seconds
   number thrds = 32
   value of n = 250000000
for 10 iterations:
  average error = 4.4408920985006262e-16 
   average time = 0.01265280 seconds
   number thrds = 64
   value of n = 500000000
for 10 iterations:
  average error = 4.4408920985006262e-16 
   average time = 0.03376298 seconds
   number thrds = 128
   value of n = 1000000000
