for 10 iterations:
  average error = -4.8849813083506888e-15 
   average time = 0.00631788 seconds
   number thrds = 2
   value of n = 15625000
for 10 iterations:
  average error = -7.9936057773011271e-14 
   average time = 0.00625429 seconds
   number thrds = 4
   value of n = 31250000
for 10 iterations:
  average error = 6.0351723618623512e-14 
   average time = 0.00622261 seconds
   number thrds = 8
   value of n = 62500000
for 10 iterations:
  average error = 1.9584334154387762e-14 
   average time = 0.00631900 seconds
   number thrds = 16
   value of n = 125000000
for 10 iterations:
  average error = -4.5297099404706384e-15 
   average time = 0.00710480 seconds
   number thrds = 32
   value of n = 250000000
for 10 iterations:
  average error = 1.1102230246251565e-15 
   average time = 0.01511059 seconds
   number thrds = 64
   value of n = 500000000
for 10 iterations:
  average error = -7.9047879353311149e-15 
   average time = 0.02984481 seconds
   number thrds = 128
   value of n = 1000000000
